ฤฤng nรณ ko cรณ แป ฤรขy ฤรขu
mai t5 rแปi
{now}: {textFromUser} 
{now}: {textFromUser} 
{now}: {textFromUser} 
{now}: {textFromUser} 
2022-12-14 15:22:34.885322: ok 
2022-12-14 15:22:44.755931: ฤแป gรฌ แบฅy m 
-1001529450471:2022-12-14 15:25:08.577212: khi nsgo 
-1001529450471:None:2022-12-14 15:26:43.857502: . 
-1001529450471:None:2022-12-14 15:28:04.189026: ok 
-1001529450471:None:2022-12-14 15:28:48.324592: lรm viแปc tแบฅt nhiรชn ฤau ฤแบงu r 
-1001529450471:None:2022-12-14 15:30:53.305211: . 
-1001529450471:None:2022-12-14 15:30:55.956147: mแปi lรm mร thแบฅy ฤau ฤแบงu quรก 
-1001529450471:None:2022-12-14 15:31:02.849479: um 
-1001529450471:None:2022-12-14 15:32:35.863857: lรm tแปi mแบฅy giแป 
-1001529450471:-1001529450471:-1001529450471:-1001529450471:-1001529450471:2022-12-14 15:36:20.534834: ๐ 
-1001529450471:2022-12-14 15:37:10.289374: m ฤฦฐa thรดng tin con bot t lรm xem nรo 
-1001529450471:2022-12-14 15:37:43.284869: ok 
-1001529450471:2022-12-14 15:37:54.000084: co ngay 
-1001529450471:2022-12-14 15:40:40.408102: haha bot lol 
-1001529450471:2022-12-14 15:41:54.711618: toรn bแป code nรจ 
-1001529450471:2022-12-14 15:41:59.545687: chแป cรณ 3 file 
-1001529450471:2022-12-14 15:42:08.874967: chแบกy bแบฑng lแปnh python 
-1001529450471:2022-12-14 15:42:13.558624: vแปฉt nรณ lรชn ฤรขu mแปi ฤฦฐแปฃc 
-1001529450471:2022-12-14 15:42:34.625691: copy 3 file ฤรณ lรชn 1 server 
-1001529450471:2022-12-14 15:42:51.996232: say ฤรณ chแบกy bแบฑng lแปnh "python3 main.py" 
-1001529450471:2022-12-14 15:43:04.823887: yรชu cแบงu server phแบฃi cรi python3 
-1001529450471:2022-12-14 15:43:06.567481: hรฉt 
-1001529450471:2022-12-14 15:43:31.993748: ko thรฌ ฤฦฐa server ฤรขy, tao ssh vรด lรm cho 
-1001529450471:2022-12-14 15:44:00.788651: ร 
-1001529450471:2022-12-14 15:44:26.168157: chแบกy trรชn  mรกy t ฤฦฐแปฃc ko 
-1001529450471:2022-12-14 15:44:30.425693: dc lun 
-1001529450471:2022-12-14 15:44:38.443668: mรกy mรy sแบฝ lรm server local 
-1001529450471:2022-12-14 15:44:46.659199: nรo mรกy mรy bแบญt thรฌ bot chแบกy 
-1001529450471:2022-12-14 15:44:51.358383: tแบฏt thรฌ bot tแบฏt 
-1001529450471:2022-12-14 15:45:04.162375: ฤรขy m ฤang xรi local ร 
-1001529450471:2022-12-14 15:45:09.480271: um 
-1001529450471:2022-12-14 15:45:12.043206: ฤang sรi local 
-1001529450471:2022-12-14 15:45:15.183109: hay ฤรณ tom 
-1001529450471:2022-12-14 15:45:23.319320: t xรกch cแบทp lรชn hแปc m nha 
-1001529450471:2022-12-14 15:45:37.702025: ฤรขy 
-1001529450471:2022-12-14 15:45:44.134273: tao tแบฏt lร con bot hแบฟt chแบกy 
-1001529450471:2022-12-14 15:46:02.180763: lรชn ฤรขy 
-1001529450471:2022-12-14 15:46:10.574269: chแปu khรณ hแปc thรฌ t chแป 
-1001529450471:2022-12-14 15:46:23.849547: tao hแปc cรกch chแบกy con bot nรy cรณ 30 phรบt thรดi 
-1001529450471:2022-12-14 15:46:50.497008: toรn bแป log sแบฝ dc lฦฐu lแบกi vรด fie .log รก 
-1001529450471:2022-12-14 15:48:30.845319: bot check giรก bitcoin cho รดng nแปi coi 
-1001529450471:2022-12-14 15:50:36.279434: bot mรy ฤรขu rแปi 
-1001529450471:2022-12-14 15:50:40.188629: hehe 
-1001529450471:2022-12-14 15:54:15.350236: bot bitcoin 
-1001529450471:2022-12-14 15:54:30.553920: bot btc 
-1001529450471:2022-12-14 15:55:08.628460: bot btc 
-1001529450471:2022-12-14 15:56:55.028418: m 
-1001529450471:2022-12-14 15:57:11.650154: lรm cรกi mรฃ thรดng bรกo trรชn sแป ฤiแปn thoแบกi ฤฦฐแปฃc ko 
-1001529450471:2022-12-14 15:58:12.529306: lร sao 
-1001529450471:2022-12-14 15:58:14.972522: lol 
-1001529450471:2022-12-14 15:58:27.400196: m chuyแปn qua bแป phแบญn lแบญp trรฌnh rแปi ร 
-1001529450471:2022-12-14 15:58:36.143402: cรกi loz gรฌ v 
-1001529450471:2022-12-14 15:58:37.368614: hแบฃ 
-1001529450471:2022-12-14 15:58:49.815707: t thแบฅy giแบฃi phรกp hแป thแปng แป ฤรขu ฤรขy 
-1001529450471:2022-12-14 15:58:56.293045: m lรm broker mร 
-1001529450471:2022-12-14 15:59:07.379775: tao toรn task lแบญp trรฌnh z 3 
-1001529450471:2022-12-14 15:59:12.839092: nghฤฉa lร t  giแบฃi quyแบฟt bรi toรกn hแป thแปng m ร 
-1001529450471:2022-12-14 15:59:13.868478: ko biแบฟt thรฌ nรณi ko biแบฟt 
-1001529450471:2022-12-14 15:59:32.627764: cแปฉ bแบฃo hแปi trฦฐแปc em lรm lแบญp trรฌnh sแบฟp giao task cho lรm thรญ mแบน nha 
-1001529450471:2022-12-14 15:59:48.265113: ฤรฃ xin lรm broker thรฌ vรด lรm broker thรดi 
-1001529450471:2022-12-14 16:00:04.150746: bot giรก eth 
-1001529450471:2022-12-14 16:00:41.492750: bot giรก xrp 
-1001529450471:2022-12-14 16:00:55.503550: bot ngu ฦกi check giรก eth 
-1001529450471:2022-12-14 16:01:24.079344: bot ngu 
-1001529450471:2022-12-14 16:01:53.728282: bot tomy lร thแบฑng nรo 
-1001529450471:2022-12-14 16:02:38.097725: mแบทt m ngu quรก bot 
-1001529450471:2022-12-14 16:02:44.320123: hehe 
-1001529450471:2022-12-14 16:04:00.884977: hehe 
-1001529450471:2022-12-14 16:04:42.520652: bot hehe 
-1001529450471:2022-12-14 16:04:46.957527: =)))) 
-1001529450471:dovantuit:2022-12-14 16:07:02.739469: thรดng minh hฦกn tรญ r ฤรณ 
-1001529450471:jacknguyen79:2022-12-14 16:09:03.686456: tแปi bรn giao tรฝ tri thแปฉc nhรฉ 
dovantuit:2022-12-14 16:09:18.390200: ok 
jacknguyen79:2022-12-14 16:11:56.584546: hay ฤรขy 
jacknguyen79:2022-12-14 16:11:59.717021: bรn giao lแบน 
dovantuit:2022-12-14 16:12:22.909607: kk 
dovantuit:2022-12-14 16:12:31.906370: bot kk 
jacknguyen79:2022-12-14 16:14:34.499485: m cรi cรกi gรฌ mร chแบกy ฤฦฐแปฃc  file py v 
dovantuit:2022-12-14 16:14:51.619967: python 
dovantuit:2022-12-14 16:15:04.822713: lรชn google search "cรi ฤแบทt python cho window" 
dovantuit:2022-12-14 16:15:38.457015: test\ntest 
dovantuit:2022-12-14 16:23:59.354069: bot eth 
dovantuit:2022-12-14 16:24:06.934484: bot giรก eth 
dovantuit:2022-12-14 16:24:46.380384: hehe 
dovantuit:2022-12-14 16:26:13.985478: ok 
dovantuit:2022-12-14 16:26:23.660596: good 
dovantuit:2022-12-14 16:26:39.135946: 1 
2022-12-14 16:28:39.842291 : dovantuit : thu lai coi 
2022-12-14 16:30:02.899048: dovantuit --> help 
2022-12-14 16:30:06.319026: dovantuit --> bot help 
2022-12-14 16:31:22.954255: dovantuit --> help 
2022-12-14 16:31:29.551661: dovantuit --> oi 
2022-12-14 16:31:32.832080: dovantuit --> help 
2022-12-14 16:31:35.533081: dovantuit --> bot help 
2022-12-14 16:31:51.650838: dovantuit --> /help@cointrendzbot 
2022-12-14 16:31:59.920564: dovantuit --> /hello@tommyadmin_bot 
2022-12-14 16:34:47.858132: dovantuit --> /tweets@cointrendzbot 
2022-12-14 16:35:00.107549: jacknguyen79 --> tแปi xin nhe 
2022-12-14 16:42:34.341235: jacknguyen79 --> m chแปc t rแปi ฤรณ 
2022-12-14 16:47:54.544572: dovantuit --> =]] 
2022-12-14 16:51:10.400688: dovantuit --> ngaแบฅo ร 
2022-12-14 17:31:25.889805: dovantuit --> bot hihi 
2022-12-14 17:31:33.832475: dovantuit --> =)) tแป cha bot 
2022-12-14 17:31:35.659915: jacknguyen79 --> cha m 
2022-12-14 17:31:46.308640: jacknguyen79 --> cรi cรกi ฤรฉo gรฌ bรกo ฤแปng miแบฟt thแบฟ 
2022-12-14 17:32:15.968700: jacknguyen79 --> bแป cรกi  terech ardrop ra 
2022-12-14 17:34:09.463504: dovantuit --> bแป r 
2022-12-14 17:36:46.689510: jacknguyen79 --> t vแบซn thแบฅy kรฌa 
2022-12-14 17:37:03.829160: dovantuit --> xoรก r 
2022-12-14 17:37:07.600289: dovantuit --> nรณ hiแปn v thรดi 
2022-12-14 17:37:12.976556: dovantuit --> 1 ngรy sau nรณ mแปi mแบฅt 
2022-12-14 17:37:37.032823: jacknguyen79 --> t yรชu cแบงu mแบฅt ngay lแบญp tแปฑc 
2022-12-14 17:39:23.431305: dovantuit --> kk 
2022-12-14 17:39:26.382203: dovantuit --> ko xoรก dc 
2022-12-14 17:40:47.461791: jacknguyen79 --> m 
2022-12-14 17:40:56.781122: jacknguyen79 --> tแปi cรณ cรกi ฤแป nรณi chuyแปn 
2022-12-14 17:42:13.786830: dovantuit --> ukm 
2022-12-15 09:22:50.182804: dovantuit --> nhแบฏn qua ฤรขy 
2022-12-15 09:22:50.582420: dovantuit --> nแบฟu chแบกy dc thรฌ chแป con bot xuแบฅt log 
2022-12-15 09:22:51.352938: dovantuit --> chแปฅp lแบกi 
2022-12-15 09:22:51.770067: dovantuit --> แบฃnh mแปi nhแบฅt 
2022-12-15 09:22:52.167346: dovantuit --> xem cรณ log mแปi chฦฐa 
2022-12-15 09:22:52.573386: jacknguyen79 --> nรy sฦฐ huynh 
2022-12-15 09:22:52.980752: dovantuit --> m ฤรฃ install python-telegram-bot cรกi nรy chฦฐa 
2022-12-15 09:22:53.801332: dovantuit --> nรณ bรกo kรฌa 
2022-12-15 09:22:54.210385: dovantuit --> chฦฐa cรi module telegram 
2022-12-15 09:22:54.609610: dovantuit --> mแป teamview ฤi 
2022-12-15 09:22:55.010434: dovantuit --> lแบน 
2022-12-15 09:22:55.408628: jacknguyen79 --> h cรi modulo ร 
2022-12-15 09:22:55.814126: jacknguyen79 --> ฤi ฤรกnh cแบงu ฤi 
2022-12-15 09:22:56.216396: dovantuit --> okie 
2022-12-15 09:22:56.616222: jacknguyen79 --> xรญu vแป tรญnh 
2022-12-15 09:22:57.019667: jacknguyen79 --> kแบปo muแปn 
2022-12-15 09:22:57.417618: jacknguyen79 --> cรกi nรy khรดng gแบฅp 
2022-12-15 09:22:57.824470: dovantuit --> m copy cรกi lแปi ฤรณ bแป lรชn google tรฌm kiแบฟm 
2022-12-15 09:22:58.226393: jacknguyen79 --> oki 
2022-12-15 09:22:58.635560: dovantuit --> kiแบฟm ฤi rแปi tแปi ko dc thรฌ tao chแป tiแบฟp 
2022-12-15 09:22:59.033628: jacknguyen79 --> thanks kiu 
2022-12-15 09:22:59.437977: dovantuit --> okie 
2022-12-15 09:22:59.845756: dovantuit --> bot hello 
2022-12-15 09:23:00.605724: jacknguyen79 --> ve r ร 
2022-12-15 09:23:01.024839: jacknguyen79 --> bot 
2022-12-15 09:23:01.788135: dovantuit --> chua 
2022-12-15 09:23:02.194370: jacknguyen79 --> . 
2022-12-15 09:23:02.605438: jacknguyen79 --> bot ngu 
2022-12-15 09:23:03.377687: jacknguyen79 --> bot btc 
2022-12-15 09:23:04.526474: jacknguyen79 --> bot hello 
2022-12-15 09:23:05.393455: jacknguyen79 --> hello 
2022-12-15 09:23:05.936961: jacknguyen79 --> k 
2022-12-15 09:23:06.336709: jacknguyen79 --> hello 
2022-12-15 09:23:06.736063: jacknguyen79 --> bot hello 
2022-12-15 09:23:30.168361: dovantuit --> lol 
2022-12-15 09:23:43.307871: dovantuit --> mแปi bแบฅm chแบกy bot lร nรณ hiแปn 1 lรจo 
2022-12-15 09:32:53.344707: dovantuit --> bot hello 
2022-12-15 09:32:58.632972: dovantuit --> hello 
2022-12-15 09:33:04.792064: dovantuit --> bot ngu 
2022-12-15 09:33:07.687043: dovantuit --> bot lol 
2022-12-15 09:33:46.683255: dovantuit --> bot eth 
2022-12-15 09:33:58.908489: dovantuit --> bot giรก eth 
2022-12-15 09:34:12.611201: dovantuit --> bot check xrp 
2022-12-15 09:41:01.378695: jacknguyen79 --> bot ngu 
2022-12-15 09:41:30.073805: dovantuit --> bot 
2022-12-15 09:41:32.094005: dovantuit --> bot oiw 
2022-12-15 09:41:35.795597: dovantuit --> bot btc 
2022-12-15 09:42:07.862744: dovantuit --> bot oi 
2022-12-15 09:42:20.079765: jacknguyen79 --> bot 
2022-12-15 09:43:09.932904: jacknguyen79 --> cathonbot 
2022-12-15 09:43:53.380786: dovantuit --> bot 
2022-12-15 09:43:57.499304: dovantuit --> bot 
2022-12-15 09:44:03.570161: dovantuit --> bot oi 
2022-12-15 09:44:20.959582: dovantuit --> eem 
2022-12-15 09:44:26.888496: dovantuit --> t biแบฟt bแป lแปi gรฌ rแปi 
2022-12-15 09:44:35.789111: dovantuit --> sแปฏa lแบกi code tรญ lร sรi dc 
2022-12-15 09:47:15.361063: dovantuit --> m ghi ฤแป file main.py mแปi nรy lรชn 
2022-12-15 09:47:15.761163: dovantuit --> thแปญ ฤi 
2022-12-15 09:47:23.582865: dovantuit --> bot oi 
2022-12-15 09:47:50.928903: dovantuit --> ip @tommyadmin_bot 
2022-12-15 09:49:24.331241: dovantuit --> ฤฦฐแปฃc r nรจ bot 
2022-12-15 09:52:37.676973: dovantuit --> hi bot 
2022-12-15 09:53:32.641821: dovantuit --> nhรฌn tรชn bot kรฌ 
2022-12-15 09:53:38.490542: dovantuit --> mรy tรชn gรฌ 
2022-12-15 09:53:41.927788: dovantuit --> mรy tรชn gรฌ bot 
2022-12-15 09:54:41.173301: dovantuit --> mรy tรชn gรฌ bot 
2022-12-15 10:15:29.004965: dovantuit --> bot test 
2022-12-15 10:15:33.611378: dovantuit --> test 
2022-12-15 10:15:46.024672: dovantuit --> bot test 
2022-12-15 10:18:08.553986: dovantuit --> hi 
2022-12-15 10:18:10.636115: dovantuit --> bot hi 
2022-12-15 10:18:15.607244: dovantuit --> bot test 
2022-12-15 10:18:34.852446: dovantuit --> bot test 
2022-12-15 10:19:40.740241: dovantuit --> bot test 
2022-12-15 10:19:45.790903: dovantuit --> bot 
2022-12-15 10:19:53.793970: dovantuit --> bot testing 
2022-12-15 10:19:55.814676: dovantuit --> test 
2022-12-15 10:20:00.793109: dovantuit --> testing 
2022-12-15 10:20:29.103720: dovantuit --> bot hello 
2022-12-15 10:20:37.438412: dovantuit --> bot hello 
2022-12-15 10:20:52.216440: dovantuit --> bot tรชn gรฌ 
2022-12-15 10:23:14.258110: jacknguyen79 --> nแบฑm chรบt cลฉng khรดng cho nua 
2022-12-15 10:23:25.230982: dovantuit --> kk 
2022-12-15 10:23:31.755961: jacknguyen79 --> tรด  bแป thแบฑng tom 
2022-12-15 10:23:42.171917: dovantuit --> trong lรบc m nแบฑm t ฤรฃ nรขng cแบฅp bot lรชn 1 level mแปi 
2022-12-15 10:24:03.382961: dovantuit --> giแป cรณ thแป add thoแบฃi mรกi vรด tแบฅt cแบฃ cรกc group 
2022-12-15 10:24:17.314373: jacknguyen79 --> h t lรm sao 
2022-12-15 10:24:19.108868: dovantuit --> lแบฅy file main.py mแปi vแป chแบกy thแปญ ฤi 
2022-12-15 10:25:04.109054: jacknguyen79 --> file ฤรขy 
2022-12-15 10:25:12.367747: jacknguyen79 --> filletair vแป ฤรขu 
2022-12-15 10:25:26.380856: dovantuit --> thแบฑng lฦฐแปi biแบฟng 
2022-12-15 10:25:33.844979: dovantuit --> t gแปญi bรชn 3idot rแปi 
2022-12-15 10:28:50.189920: dovantuit --> dc chฦฐa 
2022-12-15 10:29:36.729657: dovantuit --> ฤรขy lร file mแปi nแปฏa 
